<?xml version="1.0" encoding="UTF-8"?>
<testng-results ignored="0" total="1" passed="1" failed="0" skipped="0">
  <reporter-output>
  </reporter-output>
  <suite started-at="2021-06-27T10:32:38 IST" name="Suite" finished-at="2021-06-27T10:32:57 IST" duration-ms="19205">
    <groups>
    </groups>
    <test started-at="2021-06-27T10:32:38 IST" name="Test" finished-at="2021-06-27T10:32:57 IST" duration-ms="19205">
      <class name="test.Logintest">
        <test-method is-config="true" signature="Setup()[pri:0, instance:test.Logintest@69b794e2]" started-at="2021-06-27T10:32:38 IST" name="Setup" finished-at="2021-06-27T10:32:48 IST" duration-ms="10662" status="PASS">
          <reporter-output>
          </reporter-output>
        </test-method> <!-- Setup -->
        <test-method signature="test1()[pri:1, instance:test.Logintest@69b794e2]" started-at="2021-06-27T10:32:48 IST" name="test1" description="Verify User is able to click on login button" finished-at="2021-06-27T10:32:57 IST" duration-ms="8122" status="PASS">
          <reporter-output>
          </reporter-output>
        </test-method> <!-- test1 -->
        <test-method is-config="true" signature="teardown()[pri:0, instance:test.Logintest@69b794e2]" started-at="2021-06-27T10:32:57 IST" name="teardown" finished-at="2021-06-27T10:32:57 IST" duration-ms="387" status="PASS">
          <reporter-output>
          </reporter-output>
        </test-method> <!-- teardown -->
      </class> <!-- test.Logintest -->
    </test> <!-- Test -->
  </suite> <!-- Suite -->
</testng-results>
