<?xml version="1.0" encoding="UTF-8"?>
<testng-results skipped="0" failed="0" ignored="0" total="1" passed="1">
  <reporter-output>
  </reporter-output>
  <suite name="Default suite" duration-ms="21965" started-at="2021-06-27T09:59:50 IST" finished-at="2021-06-27T10:00:12 IST">
    <groups>
    </groups>
    <test name="Default test" duration-ms="21965" started-at="2021-06-27T09:59:50 IST" finished-at="2021-06-27T10:00:12 IST">
      <class name="test.Logintest">
        <test-method status="PASS" signature="Setup()[pri:0, instance:test.Logintest@7a765367]" name="Setup" is-config="true" duration-ms="11225" started-at="2021-06-27T09:59:50 IST" finished-at="2021-06-27T10:00:01 IST">
          <reporter-output>
          </reporter-output>
        </test-method> <!-- Setup -->
        <test-method status="PASS" signature="test1()[pri:1, instance:test.Logintest@7a765367]" name="test1" duration-ms="10288" started-at="2021-06-27T10:00:01 IST" description="Verify User is able to click on login button" finished-at="2021-06-27T10:00:12 IST">
          <reporter-output>
          </reporter-output>
        </test-method> <!-- test1 -->
        <test-method status="PASS" signature="teardown()[pri:0, instance:test.Logintest@7a765367]" name="teardown" is-config="true" duration-ms="416" started-at="2021-06-27T10:00:12 IST" finished-at="2021-06-27T10:00:12 IST">
          <reporter-output>
          </reporter-output>
        </test-method> <!-- teardown -->
      </class> <!-- test.Logintest -->
    </test> <!-- Default test -->
  </suite> <!-- Default suite -->
</testng-results>
